<?xml version="1.0" encoding="UTF-8"?>
<!-- Generated by org.testng.reporters.JUnitXMLReporter -->
<testsuite hostname="JonsComputer" ignored="0" tests="3" failures="3" timestamp="2021-02-12T08:45:27 EST" time="0.314" errors="0">
  <testcase name="preformJPATestOnAddressBook" time="0.275" classname="AddressBookJPATest">
    <failure type="javax.persistence.PersistenceException" message="No Persistence provider for EntityManager named jpa-test">
      <![CDATA[javax.persistence.PersistenceException: No Persistence provider for EntityManager named jpa-test
at javax.persistence.Persistence.createEntityManagerFactory(Persistence.java:86)
at javax.persistence.Persistence.createEntityManagerFactory(Persistence.java:55)
at AddressBookJPATest.preformJPATestOnAddressBook(AddressBookJPATest.java:91)
at java.util.ArrayList.forEach(ArrayList.java:1257)
... Removed 32 stack frames]]>
    </failure>
  </testcase> <!-- preformJPATestOnAddressBook -->
  <testcase name="preformJPATestOnAddressBookCascade" time="0.003" classname="AddressBookJPATest">
    <failure type="javax.persistence.PersistenceException" message="No Persistence provider for EntityManager named jpa-test">
      <![CDATA[javax.persistence.PersistenceException: No Persistence provider for EntityManager named jpa-test
at javax.persistence.Persistence.createEntityManagerFactory(Persistence.java:86)
at javax.persistence.Persistence.createEntityManagerFactory(Persistence.java:55)
at AddressBookJPATest.preformJPATestOnAddressBookCascade(AddressBookJPATest.java:172)
at java.util.ArrayList.forEach(ArrayList.java:1257)
... Removed 32 stack frames]]>
    </failure>
  </testcase> <!-- preformJPATestOnAddressBookCascade -->
  <testcase name="preformJPATestOnBuddyInfo" time="0.003" classname="AddressBookJPATest">
    <failure type="javax.persistence.PersistenceException" message="No Persistence provider for EntityManager named jpa-test">
      <![CDATA[javax.persistence.PersistenceException: No Persistence provider for EntityManager named jpa-test
at javax.persistence.Persistence.createEntityManagerFactory(Persistence.java:86)
at javax.persistence.Persistence.createEntityManagerFactory(Persistence.java:55)
at AddressBookJPATest.preformJPATestOnBuddyInfo(AddressBookJPATest.java:29)
at java.util.ArrayList.forEach(ArrayList.java:1257)
... Removed 32 stack frames]]>
    </failure>
  </testcase> <!-- preformJPATestOnBuddyInfo -->
</testsuite>
