<?xml version="1.0" encoding="UTF-8"?>
<testsuite xmlns:xsi="http://www.w3.org/2001/XMLSchema-instance" xsi:noNamespaceSchemaLocation="https://maven.apache.org/surefire/maven-surefire-plugin/xsd/surefire-test-report.xsd" name="TestSuite" time="0.953" tests="11" errors="0" skipped="0" failures="3">
  <properties>
[...]
</properties>
  <testcase name="preformJPATestOnAddressBook" classname="AddressBookJPATest" time="0.298">
    <failure message="No Persistence provider for EntityManager named jpa-test" type="javax.persistence.PersistenceException">javax.persistence.PersistenceException: No Persistence provider for EntityManager named jpa-test
	at AddressBookJPATest.preformJPATestOnAddressBook(AddressBookJPATest.java:91)
</failure>
    <system-out><![CDATA[08:45:27.550 [main] DEBUG org.jboss.logging - Logging Provider: org.jboss.logging.Log4j2LoggerProvider
08:45:27.681 [main] DEBUG org.hibernate.jpa.HibernatePersistenceProvider - Located and parsed 1 persistence units; checking each
08:45:27.681 [main] DEBUG org.hibernate.jpa.HibernatePersistenceProvider - Checking persistence-unit [name=jpa-test, explicit-provider=org.eclipse.persistence.jpa.PersistenceProvider] against incoming persistence unit name [jpa-test]
08:45:27.681 [main] DEBUG org.hibernate.jpa.boot.spi.ProviderChecker - Persistence-unit [jpa-test] requested PersistenceProvider [org.eclipse.persistence.jpa.PersistenceProvider]
08:45:27.682 [main] DEBUG org.hibernate.jpa.HibernatePersistenceProvider - Excluding from consideration due to provider mis-match
08:45:27.682 [main] DEBUG org.hibernate.jpa.HibernatePersistenceProvider - Found no matching persistence units
]]></system-out>
  </testcase>
  <testcase name="preformJPATestOnAddressBookCascade" classname="AddressBookJPATest" time="0.003">
    <failure message="No Persistence provider for EntityManager named jpa-test" type="javax.persistence.PersistenceException">javax.persistence.PersistenceException: No Persistence provider for EntityManager named jpa-test
	at AddressBookJPATest.preformJPATestOnAddressBookCascade(AddressBookJPATest.java:172)
</failure>
    <system-out><![CDATA[08:45:27.691 [main] DEBUG org.hibernate.jpa.HibernatePersistenceProvider - Located and parsed 1 persistence units; checking each
08:45:27.691 [main] DEBUG org.hibernate.jpa.HibernatePersistenceProvider - Checking persistence-unit [name=jpa-test, explicit-provider=org.eclipse.persistence.jpa.PersistenceProvider] against incoming persistence unit name [jpa-test]
08:45:27.691 [main] DEBUG org.hibernate.jpa.boot.spi.ProviderChecker - Persistence-unit [jpa-test] requested PersistenceProvider [org.eclipse.persistence.jpa.PersistenceProvider]
08:45:27.691 [main] DEBUG org.hibernate.jpa.HibernatePersistenceProvider - Excluding from consideration due to provider mis-match
08:45:27.691 [main] DEBUG org.hibernate.jpa.HibernatePersistenceProvider - Found no matching persistence units
]]></system-out>
  </testcase>
  <testcase name="preformJPATestOnBuddyInfo" classname="AddressBookJPATest" time="0.006">
    <failure message="No Persistence provider for EntityManager named jpa-test" type="javax.persistence.PersistenceException">javax.persistence.PersistenceException: No Persistence provider for EntityManager named jpa-test
	at AddressBookJPATest.preformJPATestOnBuddyInfo(AddressBookJPATest.java:29)
</failure>
    <system-out><![CDATA[08:45:27.695 [main] DEBUG org.hibernate.jpa.HibernatePersistenceProvider - Located and parsed 1 persistence units; checking each
08:45:27.695 [main] DEBUG org.hibernate.jpa.HibernatePersistenceProvider - Checking persistence-unit [name=jpa-test, explicit-provider=org.eclipse.persistence.jpa.PersistenceProvider] against incoming persistence unit name [jpa-test]
08:45:27.695 [main] DEBUG org.hibernate.jpa.boot.spi.ProviderChecker - Persistence-unit [jpa-test] requested PersistenceProvider [org.eclipse.persistence.jpa.PersistenceProvider]
08:45:27.695 [main] DEBUG org.hibernate.jpa.HibernatePersistenceProvider - Excluding from consideration due to provider mis-match
08:45:27.695 [main] DEBUG org.hibernate.jpa.HibernatePersistenceProvider - Found no matching persistence units
]]></system-out>
  </testcase>
  <testcase name="testGetInfo on testGetInfo(BuddyInfoTest)" classname="BuddyInfoTest" time="0.001"/>
  <testcase name="testChangeFirstName on testChangeFirstName(BuddyInfoTest)" classname="BuddyInfoTest" time="0"/>
  <testcase name="testGetLastName on testGetLastName(BuddyInfoTest)" classname="BuddyInfoTest" time="0.001"/>
  <testcase name="testGetUnsetPhone on testGetUnsetPhone(BuddyInfoTest)" classname="BuddyInfoTest" time="0"/>
  <testcase name="testCreateBuddyInfo on testCreateBuddyInfo(BuddyInfoTest)" classname="BuddyInfoTest" time="0"/>
  <testcase name="testGetFirstName on testGetFirstName(BuddyInfoTest)" classname="BuddyInfoTest" time="0"/>
  <testcase name="testChangeLastName on testChangeLastName(BuddyInfoTest)" classname="BuddyInfoTest" time="0"/>
  <testcase name="testSetPhone on testSetPhone(BuddyInfoTest)" classname="BuddyInfoTest" time="0.001"/>
</testsuite>