<?xml version="1.0" encoding="UTF-8"?>
<!-- Generated by org.testng.reporters.JUnitXMLReporter -->
<testsuite hostname="JonsComputer" ignored="0" tests="8" failures="0" timestamp="2021-02-12T08:45:27 EST" time="0.065" errors="0">
  <testcase name="testGetInfo on testGetInfo(BuddyInfoTest)" time="0.015" classname="BuddyInfoTest"/>
  <testcase name="testChangeFirstName on testChangeFirstName(BuddyInfoTest)" time="0.015" classname="BuddyInfoTest"/>
  <testcase name="testGetLastName on testGetLastName(BuddyInfoTest)" time="0.015" classname="BuddyInfoTest"/>
  <testcase name="testGetUnsetPhone on testGetUnsetPhone(BuddyInfoTest)" time="0.016" classname="BuddyInfoTest"/>
  <testcase name="testCreateBuddyInfo on testCreateBuddyInfo(BuddyInfoTest)" time="0.016" classname="BuddyInfoTest"/>
  <testcase name="testGetFirstName on testGetFirstName(BuddyInfoTest)" time="0.016" classname="BuddyInfoTest"/>
  <testcase name="testChangeLastName on testChangeLastName(BuddyInfoTest)" time="0.015" classname="BuddyInfoTest"/>
  <testcase name="testSetPhone on testSetPhone(BuddyInfoTest)" time="0.015" classname="BuddyInfoTest"/>
</testsuite>
